<?xml version="1.0" encoding="UTF-8"?>
<!-- Generated by org.testng.reporters.JUnitReportReporter -->
<testsuite hostname="DESKTOP-VR866RC" failures="0" tests="1" name="testNg.NewTest" time="0.007" errors="0" timestamp="14 Jul 2021 06:33:28 GMT" skipped="0">
  <testcase classname="testNg.NewTest" name="loginTest" time="0.007"/>
</testsuite> <!-- testNg.NewTest -->
