<?xml version="1.0" encoding="UTF-8"?>
<!-- Generated by org.testng.reporters.JUnitReportReporter -->
<testsuite hostname="DESKTOP-VR866RC" failures="0" tests="1" name="javascriptExec.AmazonDemo" time="5.304" errors="0" timestamp="29 Jul 2021 09:58:45 GMT" skipped="0">
  <testcase classname="javascriptExec.AmazonDemo" name="amazonTest" time="5.304"/>
</testsuite> <!-- javascriptExec.AmazonDemo -->
