<?xml version="1.0" encoding="UTF-8"?>
<!-- Generated by org.testng.reporters.JUnitReportReporter -->
<testsuite hostname="DESKTOP-VR866RC" failures="0" tests="7" name="testNg.Test5" time="0.009" errors="0" timestamp="16 Jul 2021 03:52:40 GMT" skipped="0">
  <testcase classname="testNg.Test5" name="test3" time="0.001"/>
  <testcase classname="testNg.Test5" name="test1" time="0.002"/>
  <testcase classname="testNg.Test5" name="verifyGroup1" time="0.001"/>
  <testcase classname="testNg.Test5" name="verifyGroup2" time="0.000"/>
  <testcase classname="testNg.Test5" name="test1" time="0.003"/>
  <testcase classname="testNg.Test5" name="test2" time="0.001"/>
  <testcase classname="testNg.Test5" name="test4" time="0.001"/>
</testsuite> <!-- testNg.Test5 -->
