<?xml version="1.0" encoding="UTF-8"?>
<!-- Generated by org.testng.reporters.JUnitReportReporter -->
<testsuite hostname="DESKTOP-VR866RC" failures="0" tests="1" name="parameter.DemoTest1" time="0.010" errors="0" timestamp="16 Jul 2021 04:14:41 GMT" skipped="0">
  <testcase classname="parameter.DemoTest1" name="DashboardTest" time="0.010"/>
</testsuite> <!-- parameter.DemoTest1 -->
