<?xml version="1.0" encoding="UTF-8"?>
<!-- Generated by org.testng.reporters.JUnitReportReporter -->
<testsuite hostname="DESKTOP-VR866RC" failures="0" tests="3" name="testNg.TestNG3" time="3.442" errors="0" timestamp="16 Jul 2021 03:52:40 GMT" skipped="0">
  <testcase classname="testNg.TestNG3" name="dashBoardTest" time="0.035"/>
  <testcase classname="testNg.TestNG3" name="checkLoginTitle1" time="2.291"/>
  <testcase classname="testNg.TestNG3" name="loginTest1" time="1.116"/>
</testsuite> <!-- testNg.TestNG3 -->
