<?xml version="1.0" encoding="UTF-8"?>
<!-- Generated by org.testng.reporters.JUnitReportReporter -->
<testsuite hostname="DESKTOP-VR866RC" failures="0" tests="2" name="parameter.DemoTest" time="4.995" errors="0" timestamp="16 Jul 2021 04:17:51 GMT" skipped="0">
  <testcase classname="parameter.DemoTest" name="loginTest" time="3.218"/>
  <testcase classname="parameter.DemoTest" name="verifyTitle" time="1.777"/>
</testsuite> <!-- parameter.DemoTest -->
