<?xml version="1.0" encoding="UTF-8"?>
<!-- Generated by org.testng.reporters.JUnitReportReporter -->
<testsuite hostname="DESKTOP-VR866RC" failures="0" tests="1" name="actionclass.JbkAlert" time="12.723" errors="0" timestamp="29 Jul 2021 03:29:50 GMT" skipped="0">
  <testcase classname="actionclass.JbkAlert" name="actionTest" time="12.723"/>
</testsuite> <!-- actionclass.JbkAlert -->
