<?xml version="1.0" encoding="UTF-8"?>
<!-- Generated by org.testng.reporters.JUnitReportReporter -->
<testsuite hostname="DESKTOP-VR866RC" failures="0" tests="1" name="javascriptExec.jbk" time="22.082" errors="0" timestamp="29 Jul 2021 07:38:23 GMT" skipped="0">
  <testcase classname="javascriptExec.jbk" name="scrolTtest" time="22.082"/>
</testsuite> <!-- javascriptExec.jbk -->
