<?xml version="1.0" encoding="UTF-8"?>
<!-- Generated by org.testng.reporters.JUnitReportReporter -->
<testsuite hostname="DESKTOP-VR866RC" failures="0" tests="1" name="selectClass.SelectDemo" time="2.745" errors="0" timestamp="27 Jul 2021 04:01:38 GMT" skipped="0">
  <testcase classname="selectClass.SelectDemo" name="test01" time="2.745"/>
</testsuite> <!-- selectClass.SelectDemo -->
