<?xml version="1.0" encoding="UTF-8"?>
<!-- Generated by org.testng.reporters.JUnitReportReporter -->
<testsuite hostname="DESKTOP-VR866RC" failures="0" tests="4" name="testNg.TestNg4" time="3.255" errors="0" timestamp="23 Jul 2021 17:32:23 GMT" skipped="0">
  <testcase classname="testNg.TestNg4" name="dashBoardTest" time="0.027"/>
  <testcase classname="testNg.TestNg4" name="alogout" time="0.001"/>
  <testcase classname="testNg.TestNg4" name="checkLoginTitle" time="2.309"/>
  <testcase classname="testNg.TestNg4" name="loginTest" time="0.918"/>
</testsuite> <!-- testNg.TestNg4 -->
