<?xml version="1.0" encoding="UTF-8"?>
<!-- Generated by org.testng.reporters.JUnitReportReporter -->
<testsuite hostname="DESKTOP-VR866RC" failures="0" tests="3" name="testNg.TestNG1" time="0.011" errors="0" timestamp="16 Jul 2021 03:52:40 GMT" skipped="0">
  <testcase classname="testNg.TestNG1" name="test01" time="0.009"/>
  <testcase classname="testNg.TestNG1" name="test03" time="0.001"/>
  <testcase classname="testNg.TestNG1" name="test02" time="0.001"/>
</testsuite> <!-- testNg.TestNG1 -->
