<?xml version="1.0" encoding="UTF-8"?>
<!-- Generated by org.testng.reporters.JUnitReportReporter -->
<testsuite skipped="0" hostname="DESKTOP-VR866RC" name="testNg.TestNG2" tests="3" failures="0" timestamp="13 Jul 2021 09:44:34 GMT" time="2.963" errors="0">
  <testcase name="loginTest" time="2.963" classname="testNg.TestNG2"/>
  <testcase name="testUser" time="0.000" classname="testNg.TestNG2"/>
  <testcase name="DashTest" time="0.000" classname="testNg.TestNG2"/>
</testsuite> <!-- testNg.TestNG2 -->
