<?xml version="1.0" encoding="UTF-8"?>
<!-- Generated by org.testng.reporters.JUnitReportReporter -->
<testsuite skipped="0" hostname="DESKTOP-VR866RC" name="testNg.TestNG1" tests="3" failures="0" timestamp="13 Jul 2021 09:44:34 GMT" time="0.006" errors="0">
  <testcase name="test01" time="0.006" classname="testNg.TestNG1"/>
  <testcase name="test03" time="0.000" classname="testNg.TestNG1"/>
  <testcase name="test02" time="0.000" classname="testNg.TestNG1"/>
</testsuite> <!-- testNg.TestNG1 -->
